<?xml version="1.0" encoding="UTF-8"?>
<coverage generated="1539068551969" clover="3.2.0">
  <project timestamp="1539068551969" name="All files">
    <metrics statements="31" coveredstatements="20" conditionals="0" coveredconditionals="0" methods="14" coveredmethods="6" elements="45" coveredelements="26" complexity="0" loc="31" ncloc="31" packages="2" files="4" classes="4">
      <package name="components">
        <metrics statements="11" coveredstatements="11" conditionals="0" coveredconditionals="0" methods="4" coveredmethods="4"/>
        <file name="HelloWorld.vue" path="/home/kenneth/repositories/VueTypescriptStarterTemplate/src/components/HelloWorld.vue">
          <metrics statements="3" coveredstatements="3" conditionals="0" coveredconditionals="0" methods="1" coveredmethods="1"/>
          <line num="35" count="1" type="stmt"/>
          <line num="38" count="8" type="stmt"/>
          <line num="39" count="1" type="stmt"/>
        </file>
        <file name="ListPosts.vue" path="/home/kenneth/repositories/VueTypescriptStarterTemplate/src/components/ListPosts.vue">
          <metrics statements="8" coveredstatements="8" conditionals="0" coveredconditionals="0" methods="3" coveredmethods="3"/>
          <line num="17" count="2" type="stmt"/>
          <line num="18" count="2" type="stmt"/>
          <line num="20" count="8" type="stmt"/>
          <line num="21" count="10" type="stmt"/>
          <line num="23" count="4" type="stmt"/>
          <line num="25" count="2" type="stmt"/>
          <line num="27" count="2" type="stmt"/>
          <line num="28" count="2" type="stmt"/>
        </file>
      </package>
      <package name="services">
        <metrics statements="20" coveredstatements="9" conditionals="0" coveredconditionals="0" methods="10" coveredmethods="2"/>
        <file name="a.service.ts" path="/home/kenneth/repositories/VueTypescriptStarterTemplate/src/services/a.service.ts">
          <metrics statements="10" coveredstatements="4" conditionals="0" coveredconditionals="0" methods="4" coveredmethods="1"/>
          <line num="2" count="1" type="stmt"/>
          <line num="8" count="1" type="stmt"/>
          <line num="10" count="1" type="stmt"/>
          <line num="13" count="0" type="stmt"/>
          <line num="14" count="0" type="stmt"/>
          <line num="18" count="0" type="stmt"/>
          <line num="19" count="0" type="stmt"/>
          <line num="23" count="0" type="stmt"/>
          <line num="24" count="0" type="stmt"/>
          <line num="29" count="1" type="stmt"/>
        </file>
        <file name="http.service.ts" path="/home/kenneth/repositories/VueTypescriptStarterTemplate/src/services/http.service.ts">
          <metrics statements="10" coveredstatements="5" conditionals="0" coveredconditionals="0" methods="6" coveredmethods="1"/>
          <line num="1" count="1" type="stmt"/>
          <line num="5" count="1" type="stmt"/>
          <line num="10" count="1" type="stmt"/>
          <line num="12" count="1" type="stmt"/>
          <line num="18" count="0" type="stmt"/>
          <line num="22" count="0" type="stmt"/>
          <line num="26" count="0" type="stmt"/>
          <line num="30" count="0" type="stmt"/>
          <line num="34" count="0" type="stmt"/>
          <line num="39" count="1" type="stmt"/>
        </file>
      </package>
    </metrics>
  </project>
</coverage>
