{"/home/kenneth/repositories/VueTypescriptStarterTemplate/src/components/HelloWorld.vue": {"path":"/home/kenneth/repositories/VueTypescriptStarterTemplate/src/components/HelloWorld.vue","statementMap":{"0":{"start":{"line":35,"column":0},"end":{"line":null,"column":-1}},"1":{"start":{"line":38,"column":0},"end":{"line":null,"column":-1}},"2":{"start":{"line":39,"column":0},"end":{"line":null,"column":-1}}},"fnMap":{"0":{"name":"(anonymous_1)","decl":{"start":{"line":38,"column":0},"end":{"line":null,"column":-1}},"loc":{"start":{"line":38,"column":0},"end":{"line":null,"column":-1}}}},"branchMap":{},"s":{"0":1,"1":8,"2":1},"f":{"0":3},"b":{}}
,"/home/kenneth/repositories/VueTypescriptStarterTemplate/src/components/ListPosts.vue": {"path":"/home/kenneth/repositories/VueTypescriptStarterTemplate/src/components/ListPosts.vue","statementMap":{"0":{"start":{"line":17,"column":0},"end":{"line":null,"column":-1}},"1":{"start":{"line":18,"column":0},"end":{"line":null,"column":-1}},"2":{"start":{"line":21,"column":0},"end":{"line":null,"column":-1}},"3":{"start":{"line":20,"column":0},"end":{"line":null,"column":-1}},"4":{"start":{"line":23,"column":0},"end":{"line":null,"column":-1}},"5":{"start":{"line":25,"column":0},"end":{"line":null,"column":-1}},"6":{"start":{"line":27,"column":0},"end":{"line":29,"column":0}},"7":{"start":{"line":28,"column":0},"end":{"line":null,"column":-1}}},"fnMap":{"0":{"name":"(anonymous_1)","decl":{"start":{"line":21,"column":0},"end":{"line":null,"column":-1}},"loc":{"start":{"line":21,"column":0},"end":{"line":null,"column":-1}}},"1":{"name":"ListPosts","decl":{"start":{"line":20,"column":0},"end":{"line":null,"column":-1}},"loc":{"start":{"line":20,"column":0},"end":{"line":33,"column":0}}},"2":{"name":"(anonymous_4)","decl":{"start":{"line":27,"column":0},"end":{"line":null,"column":-1}},"loc":{"start":{"line":27,"column":0},"end":{"line":29,"column":0}}}},"branchMap":{},"s":{"0":2,"1":2,"2":10,"3":8,"4":4,"5":2,"6":2,"7":2},"f":{"0":4,"1":4,"2":2},"b":{}}
,"/home/kenneth/repositories/VueTypescriptStarterTemplate/src/services/a.service.ts": {"path":"/home/kenneth/repositories/VueTypescriptStarterTemplate/src/services/a.service.ts","statementMap":{"0":{"start":{"line":2,"column":0},"end":{"line":2,"column":53}},"1":{"start":{"line":10,"column":12},"end":{"line":10,"column":21}},"2":{"start":{"line":13,"column":24},"end":{"line":13,"column":66}},"3":{"start":{"line":14,"column":8},"end":{"line":14,"column":40}},"4":{"start":{"line":18,"column":24},"end":{"line":18,"column":68}},"5":{"start":{"line":19,"column":8},"end":{"line":19,"column":40}},"6":{"start":{"line":23,"column":24},"end":{"line":23,"column":68}},"7":{"start":{"line":24,"column":8},"end":{"line":24,"column":48}},"8":{"start":{"line":8,"column":0},"end":{"line":26,"column":1}},"9":{"start":{"line":29,"column":13},"end":{"line":29,"column":53}}},"fnMap":{"0":{"name":"(anonymous_0)","decl":{"start":{"line":8,"column":0},"end":{"line":null,"column":-1}},"loc":{"start":{"line":8,"column":0},"end":{"line":26,"column":1}}},"1":{"name":"(anonymous_1)","decl":{"start":{"line":12,"column":11},"end":{"line":12,"column":13}},"loc":{"start":{"line":12,"column":14},"end":{"line":15,"column":5}}},"2":{"name":"(anonymous_2)","decl":{"start":{"line":17,"column":11},"end":{"line":17,"column":14}},"loc":{"start":{"line":17,"column":15},"end":{"line":20,"column":5}}},"3":{"name":"(anonymous_3)","decl":{"start":{"line":22,"column":11},"end":{"line":22,"column":14}},"loc":{"start":{"line":22,"column":29},"end":{"line":25,"column":5}}}},"branchMap":{},"s":{"0":1,"1":1,"2":0,"3":0,"4":0,"5":0,"6":0,"7":0,"8":1,"9":1},"f":{"0":1,"1":0,"2":0,"3":0},"b":{}}
,"/home/kenneth/repositories/VueTypescriptStarterTemplate/src/services/http.service.ts": {"path":"/home/kenneth/repositories/VueTypescriptStarterTemplate/src/services/http.service.ts","statementMap":{"0":{"start":{"line":1,"column":0},"end":{"line":1,"column":63}},"1":{"start":{"line":5,"column":12},"end":{"line":5,"column":14}},"2":{"start":{"line":12,"column":12},"end":{"line":15,"column":6}},"3":{"start":{"line":18,"column":8},"end":{"line":18,"column":30}},"4":{"start":{"line":22,"column":8},"end":{"line":22,"column":66}},"5":{"start":{"line":26,"column":8},"end":{"line":26,"column":73}},"6":{"start":{"line":30,"column":8},"end":{"line":30,"column":73}},"7":{"start":{"line":34,"column":8},"end":{"line":34,"column":72}},"8":{"start":{"line":10,"column":0},"end":{"line":36,"column":1}},"9":{"start":{"line":39,"column":13},"end":{"line":39,"column":45}}},"fnMap":{"0":{"name":"(anonymous_0)","decl":{"start":{"line":10,"column":0},"end":{"line":null,"column":-1}},"loc":{"start":{"line":10,"column":0},"end":{"line":36,"column":1}}},"1":{"name":"(anonymous_1)","decl":{"start":{"line":17,"column":11},"end":{"line":17,"column":17}},"loc":{"start":{"line":17,"column":30},"end":{"line":19,"column":5}}},"2":{"name":"(anonymous_2)","decl":{"start":{"line":21,"column":11},"end":{"line":21,"column":13}},"loc":{"start":{"line":21,"column":30},"end":{"line":23,"column":5}}},"3":{"name":"(anonymous_3)","decl":{"start":{"line":25,"column":11},"end":{"line":25,"column":14}},"loc":{"start":{"line":25,"column":31},"end":{"line":27,"column":5}}},"4":{"name":"(anonymous_4)","decl":{"start":{"line":29,"column":11},"end":{"line":29,"column":14}},"loc":{"start":{"line":29,"column":42},"end":{"line":31,"column":5}}},"5":{"name":"(anonymous_5)","decl":{"start":{"line":33,"column":11},"end":{"line":33,"column":13}},"loc":{"start":{"line":33,"column":41},"end":{"line":35,"column":5}}}},"branchMap":{},"s":{"0":1,"1":1,"2":1,"3":0,"4":0,"5":0,"6":0,"7":0,"8":1,"9":1},"f":{"0":1,"1":0,"2":0,"3":0,"4":0,"5":0},"b":{}}
}
