TN:
SF:/home/kenneth/repositories/VueTypescriptStarterTemplate/src/components/HelloWorld.vue
FN:38,(anonymous_1)
FNF:1
FNH:1
FNDA:3,(anonymous_1)
DA:35,1
DA:38,8
DA:39,1
LF:3
LH:3
BRF:0
BRH:0
end_of_record
TN:
SF:/home/kenneth/repositories/VueTypescriptStarterTemplate/src/components/ListPosts.vue
FN:21,(anonymous_1)
FN:20,ListPosts
FN:27,(anonymous_4)
FNF:3
FNH:3
FNDA:4,(anonymous_1)
FNDA:4,ListPosts
FNDA:2,(anonymous_4)
DA:17,2
DA:18,2
DA:20,8
DA:21,10
DA:23,4
DA:25,2
DA:27,2
DA:28,2
LF:8
LH:8
BRF:0
BRH:0
end_of_record
TN:
SF:/home/kenneth/repositories/VueTypescriptStarterTemplate/src/services/a.service.ts
FN:8,(anonymous_0)
FN:12,(anonymous_1)
FN:17,(anonymous_2)
FN:22,(anonymous_3)
FNF:4
FNH:1
FNDA:1,(anonymous_0)
FNDA:0,(anonymous_1)
FNDA:0,(anonymous_2)
FNDA:0,(anonymous_3)
DA:2,1
DA:8,1
DA:10,1
DA:13,0
DA:14,0
DA:18,0
DA:19,0
DA:23,0
DA:24,0
DA:29,1
LF:10
LH:4
BRF:0
BRH:0
end_of_record
TN:
SF:/home/kenneth/repositories/VueTypescriptStarterTemplate/src/services/http.service.ts
FN:10,(anonymous_0)
FN:17,(anonymous_1)
FN:21,(anonymous_2)
FN:25,(anonymous_3)
FN:29,(anonymous_4)
FN:33,(anonymous_5)
FNF:6
FNH:1
FNDA:1,(anonymous_0)
FNDA:0,(anonymous_1)
FNDA:0,(anonymous_2)
FNDA:0,(anonymous_3)
FNDA:0,(anonymous_4)
FNDA:0,(anonymous_5)
DA:1,1
DA:5,1
DA:10,1
DA:12,1
DA:18,0
DA:22,0
DA:26,0
DA:30,0
DA:34,0
DA:39,1
LF:10
LH:5
BRF:0
BRH:0
end_of_record
